..\..\..\QGIS\plugins\attribute_copy.ilk
..\..\..\QGIS\plugins\attribute_copy.pdb
D:\SILENFOREST\QGIS_DEV\QGIS\PLUGINS\ATTRIBUTE_COPY.DLL
D:\SilenForest\QGIS_Dev\QGIS\plugins\attribute_copy.exp
D:\SILENFOREST\QGIS_DEV\QGIS\PLUGINS\ATTRIBUTE_COPY.ILK
D:\SilenForest\QGIS_Dev\QGIS\plugins\attribute_copy.lib
D:\SILENFOREST\QGIS_DEV\QGIS\PLUGINS\ATTRIBUTE_COPY.PDB
D:\SilenForest\QGIS_Dev\Test\attribute_copy\attribute_copy\..\..\..\QGIS\plugins\attribute_copy.dll
D:\SILENFOREST\QGIS_DEV\TEST\ATTRIBUTE_COPY\ATTRIBUTE_COPY\GENERATEDFILES\QRC_ATTIRBUTE_COPY.CPP
D:\SILENFOREST\QGIS_DEV\TEST\ATTRIBUTE_COPY\ATTRIBUTE_COPY\GENERATEDFILES\RELEASE\MOC_ATTRIBUTE_COPY.CPP
D:\SILENFOREST\QGIS_DEV\TEST\ATTRIBUTE_COPY\ATTRIBUTE_COPY\GENERATEDFILES\RELEASE\MOC_ATTRIBUTECOPY.CPP
D:\SILENFOREST\QGIS_DEV\TEST\ATTRIBUTE_COPY\ATTRIBUTE_COPY\GENERATEDFILES\RELEASE\MOC_SILENEDITUTILS.CPP
D:\SILENFOREST\QGIS_DEV\TEST\ATTRIBUTE_COPY\ATTRIBUTE_COPY\GENERATEDFILES\UI_ATTRIBUTECOPY.H
D:\SILENFOREST\QGIS_DEV\TEST\ATTRIBUTE_COPY\ATTRIBUTE_COPY\X64\RELEASE\ATTRIBUTE_COPY.OBJ
D:\SilenForest\QGIS_Dev\Test\attribute_copy\attribute_copy\x64\Release\attribute_copy.vcxprojResolveAssemblyReference.cache
D:\SilenForest\QGIS_Dev\Test\attribute_copy\attribute_copy\x64\Release\attribute_copy.write.1.tlog
D:\SILENFOREST\QGIS_DEV\TEST\ATTRIBUTE_COPY\ATTRIBUTE_COPY\X64\RELEASE\ATTRIBUTECOPY.OBJ
D:\SILENFOREST\QGIS_DEV\TEST\ATTRIBUTE_COPY\ATTRIBUTE_COPY\X64\RELEASE\ATTRIBUTECOPYCLASS.OBJ
D:\SilenForest\QGIS_Dev\Test\attribute_copy\attribute_copy\x64\Release\cl.command.1.tlog
D:\SilenForest\QGIS_Dev\Test\attribute_copy\attribute_copy\x64\Release\CL.read.1.tlog
D:\SilenForest\QGIS_Dev\Test\attribute_copy\attribute_copy\x64\Release\CL.write.1.tlog
D:\SilenForest\QGIS_Dev\Test\attribute_copy\attribute_copy\x64\Release\custombuild.command.1.tlog
D:\SilenForest\QGIS_Dev\Test\attribute_copy\attribute_copy\x64\Release\custombuild.read.1.tlog
D:\SilenForest\QGIS_Dev\Test\attribute_copy\attribute_copy\x64\Release\custombuild.write.1.tlog
D:\SilenForest\QGIS_Dev\Test\attribute_copy\attribute_copy\x64\Release\link.4732.read.1.tlog
D:\SilenForest\QGIS_Dev\Test\attribute_copy\attribute_copy\x64\Release\link.4732.write.1.tlog
D:\SilenForest\QGIS_Dev\Test\attribute_copy\attribute_copy\x64\Release\link.5320.read.1.tlog
D:\SilenForest\QGIS_Dev\Test\attribute_copy\attribute_copy\x64\Release\link.5320.write.1.tlog
D:\SilenForest\QGIS_Dev\Test\attribute_copy\attribute_copy\x64\Release\link.6076.read.1.tlog
D:\SilenForest\QGIS_Dev\Test\attribute_copy\attribute_copy\x64\Release\link.6076.write.1.tlog
D:\SilenForest\QGIS_Dev\Test\attribute_copy\attribute_copy\x64\Release\link.6248.read.1.tlog
D:\SilenForest\QGIS_Dev\Test\attribute_copy\attribute_copy\x64\Release\link.6248.write.1.tlog
D:\SilenForest\QGIS_Dev\Test\attribute_copy\attribute_copy\x64\Release\link.6420.read.1.tlog
D:\SilenForest\QGIS_Dev\Test\attribute_copy\attribute_copy\x64\Release\link.6420.write.1.tlog
D:\SilenForest\QGIS_Dev\Test\attribute_copy\attribute_copy\x64\Release\link.6628.read.1.tlog
D:\SilenForest\QGIS_Dev\Test\attribute_copy\attribute_copy\x64\Release\link.6628.write.1.tlog
D:\SilenForest\QGIS_Dev\Test\attribute_copy\attribute_copy\x64\Release\link.command.1.tlog
D:\SilenForest\QGIS_Dev\Test\attribute_copy\attribute_copy\x64\Release\link.read.1.tlog
D:\SilenForest\QGIS_Dev\Test\attribute_copy\attribute_copy\x64\Release\link.write.1.tlog
D:\SILENFOREST\QGIS_DEV\TEST\ATTRIBUTE_COPY\ATTRIBUTE_COPY\X64\RELEASE\MOC_ATTRIBUTE_COPY.OBJ
D:\SILENFOREST\QGIS_DEV\TEST\ATTRIBUTE_COPY\ATTRIBUTE_COPY\X64\RELEASE\MOC_ATTRIBUTECOPY.OBJ
D:\SILENFOREST\QGIS_DEV\TEST\ATTRIBUTE_COPY\ATTRIBUTE_COPY\X64\RELEASE\MOC_SILENEDITUTILS.OBJ
D:\SILENFOREST\QGIS_DEV\TEST\ATTRIBUTE_COPY\ATTRIBUTE_COPY\X64\RELEASE\QRC_ATTIRBUTE_COPY.OBJ
D:\SILENFOREST\QGIS_DEV\TEST\ATTRIBUTE_COPY\ATTRIBUTE_COPY\X64\RELEASE\READXML.OBJ
D:\SILENFOREST\QGIS_DEV\TEST\ATTRIBUTE_COPY\ATTRIBUTE_COPY\X64\RELEASE\SILENEDITUTILS.OBJ
D:\SILENFOREST\QGIS_DEV\TEST\ATTRIBUTE_COPY\ATTRIBUTE_COPY\X64\RELEASE\VC100.PDB
